D:\Visual Studio 2019\MSBuild\Microsoft\VC\v150\Platforms\Win32\PlatformToolsets\v141_xp\Toolset.targets(39,5): warning MSB8051: Support for targeting Windows XP is deprecated and will not be present in future releases of Visual Studio. Please see https://go.microsoft.com/fwlink/?linkid=2023588 for more information.
  stdafx.cpp
  MBButtonLook.cpp
  MBEditLook.cpp
  MBFrameLook.cpp
  MBGroupLook.cpp
  MBitmapDrawer.cpp
  MBLabelLook.cpp
  MBListBoxLook.cpp
  MBMultiColListBoxLook.cpp
  MBPopupMenu.cpp
  MBScrollBarLook.cpp
  MBSliderLook.cpp
  MBTabCtrlLook.cpp
  MBTextAreaLook.cpp
  MAniBmButton.cpp
  MAnimation.cpp
  MBmButton.cpp
  MBmLabel.cpp
  MButton.cpp
  MComboBox.cpp
  MConsoleFrame.cpp
  Generating Code...
  Compiling...
  MDragObject.cpp
  MEdit.cpp
  MEvent.cpp
  MFileBox.cpp
  MFileDialog.cpp
  MFrame.cpp
  MFrameDrawer.cpp
  MGroup.cpp
  MHotKey.cpp
  MHyperText.cpp
  Mint.cpp
  MLabel.cpp
  MLayoutManager.cpp
  MListBox.cpp
  MMsgBox.cpp
  MMultiColListBox.cpp
  MPanel.cpp
  MPicture.cpp
  MPopupMenu.cpp
  MScrollBar.cpp
  Generating Code...
  Compiling...
  MSlider.cpp
  MTabCtrl.cpp
  MTextArea.cpp
  MToolTip.cpp
  MTypes.cpp
  MWidget.cpp
  MBitmap.cpp
  MCursor.cpp
  MDrawContext.cpp
  MFont.cpp
  MIDLResource.cpp
  MResourceManager.cpp
  MStringTable.cpp
  Generating Code...
  Mint.vcxproj -> D:\GunZ\Stable\Mint2\Lib\Mint2.lib
