C:\USERS\MISTY'S LAPTOP\DESKTOP\VISUAL STUDIO 2012\STABLE\UTILS\GUNZLAUNCHER\DEBUG\MAIN.OBJ
C:\USERS\MISTY'S LAPTOP\DESKTOP\VISUAL STUDIO 2012\STABLE\UTILS\GUNZLAUNCHER\DEBUG\VC110.PDB
C:\USERS\MISTY'S LAPTOP\DESKTOP\VISUAL STUDIO 2012\STABLE\UTILS\GUNZLAUNCHER\DEBUG\GUNZLAUNCHER.ILK
C:\USERS\MISTY'S LAPTOP\DESKTOP\VISUAL STUDIO 2012\STABLE\UTILS\GUNZLAUNCHER\DEBUG\GUNZLAUNCHER.EXE
C:\USERS\MISTY'S LAPTOP\DESKTOP\VISUAL STUDIO 2012\STABLE\UTILS\GUNZLAUNCHER\DEBUG\GUNZLAUNCHER.PDB
C:\Users\Misty's Laptop\Desktop\Visual Studio 2012\Stable\Utils\GunzLauncher\Debug\main.obj
C:\Users\Misty's Laptop\Desktop\Visual Studio 2012\Stable\Utils\GunzLauncher\Debug\GunzLauncher.ilk
C:\Users\Misty's Laptop\Desktop\Visual Studio 2012\Stable\Utils\GunzLauncher\Debug\cl.command.1.tlog
C:\Users\Misty's Laptop\Desktop\Visual Studio 2012\Stable\Utils\GunzLauncher\Debug\CL.read.1.tlog
C:\Users\Misty's Laptop\Desktop\Visual Studio 2012\Stable\Utils\GunzLauncher\Debug\CL.write.1.tlog
C:\Users\Misty's Laptop\Desktop\Visual Studio 2012\Stable\Utils\GunzLauncher\Debug\link-cvtres.read.1.tlog
C:\Users\Misty's Laptop\Desktop\Visual Studio 2012\Stable\Utils\GunzLauncher\Debug\link-cvtres.write.1.tlog
C:\Users\Misty's Laptop\Desktop\Visual Studio 2012\Stable\Utils\GunzLauncher\Debug\link-rc.read.1.tlog
C:\Users\Misty's Laptop\Desktop\Visual Studio 2012\Stable\Utils\GunzLauncher\Debug\link-rc.write.1.tlog
C:\Users\Misty's Laptop\Desktop\Visual Studio 2012\Stable\Utils\GunzLauncher\Debug\link.command.1.tlog
C:\Users\Misty's Laptop\Desktop\Visual Studio 2012\Stable\Utils\GunzLauncher\Debug\link.read.1.tlog
C:\Users\Misty's Laptop\Desktop\Visual Studio 2012\Stable\Utils\GunzLauncher\Debug\link.write.1.tlog
C:\Users\Misty's Laptop\Desktop\Visual Studio 2012\Stable\Utils\GunzLauncher\Debug\vc110.idb
C:\Users\Misty's Laptop\Desktop\Visual Studio 2012\Stable\Utils\GunzLauncher\Debug\GunzLauncher.pdb
C:\Users\Misty's Laptop\Desktop\Visual Studio 2012\Stable\Utils\GunzLauncher\Debug\vc110.pdb
C:\Users\Misty's Laptop\Desktop\Visual Studio 2012\Stable\Utils\GunzLauncher\Debug\GunzLauncher.exe
