c:\users\espau\documents\classless-dll\gunz1.5\stable\mint2\x64\release\mint2.pch
c:\users\espau\documents\classless-dll\gunz1.5\stable\mint2\x64\release\mint2.pdb
c:\users\espau\documents\classless-dll\gunz1.5\stable\mint2\x64\release\stdafx.obj
c:\users\espau\documents\classless-dll\gunz1.5\stable\mint2\x64\release\mconsoleframe.obj
c:\users\espau\documents\classless-dll\gunz1.5\stable\mint2\x64\release\mcombobox.obj
c:\users\espau\documents\classless-dll\gunz1.5\stable\mint2\x64\release\mbutton.obj
c:\users\espau\documents\classless-dll\gunz1.5\stable\mint2\x64\release\mbmlabel.obj
c:\users\espau\documents\classless-dll\gunz1.5\stable\mint2\x64\release\mbmbutton.obj
c:\users\espau\documents\classless-dll\gunz1.5\stable\mint2\x64\release\manimation.obj
c:\users\espau\documents\classless-dll\gunz1.5\stable\mint2\x64\release\manibmbutton.obj
c:\users\espau\documents\classless-dll\gunz1.5\stable\mint2\x64\release\mbtextarealook.obj
c:\users\espau\documents\classless-dll\gunz1.5\stable\mint2\x64\release\mbtabctrllook.obj
c:\users\espau\documents\classless-dll\gunz1.5\stable\mint2\x64\release\mbsliderlook.obj
c:\users\espau\documents\classless-dll\gunz1.5\stable\mint2\x64\release\mbscrollbarlook.obj
c:\users\espau\documents\classless-dll\gunz1.5\stable\mint2\x64\release\mbpopupmenu.obj
c:\users\espau\documents\classless-dll\gunz1.5\stable\mint2\x64\release\mbmulticollistboxlook.obj
c:\users\espau\documents\classless-dll\gunz1.5\stable\mint2\x64\release\mblistboxlook.obj
c:\users\espau\documents\classless-dll\gunz1.5\stable\mint2\x64\release\mblabellook.obj
c:\users\espau\documents\classless-dll\gunz1.5\stable\mint2\x64\release\mbitmapdrawer.obj
c:\users\espau\documents\classless-dll\gunz1.5\stable\mint2\x64\release\mbgrouplook.obj
c:\users\espau\documents\classless-dll\gunz1.5\stable\mint2\x64\release\mbframelook.obj
c:\users\espau\documents\classless-dll\gunz1.5\stable\mint2\x64\release\mbeditlook.obj
c:\users\espau\documents\classless-dll\gunz1.5\stable\mint2\x64\release\mbbuttonlook.obj
c:\users\espau\documents\classless-dll\gunz1.5\stable\mint2\x64\release\mscrollbar.obj
c:\users\espau\documents\classless-dll\gunz1.5\stable\mint2\x64\release\mpopupmenu.obj
c:\users\espau\documents\classless-dll\gunz1.5\stable\mint2\x64\release\mpicture.obj
c:\users\espau\documents\classless-dll\gunz1.5\stable\mint2\x64\release\mpanel.obj
c:\users\espau\documents\classless-dll\gunz1.5\stable\mint2\x64\release\mmulticollistbox.obj
c:\users\espau\documents\classless-dll\gunz1.5\stable\mint2\x64\release\mmsgbox.obj
c:\users\espau\documents\classless-dll\gunz1.5\stable\mint2\x64\release\mlistbox.obj
c:\users\espau\documents\classless-dll\gunz1.5\stable\mint2\x64\release\mlayoutmanager.obj
c:\users\espau\documents\classless-dll\gunz1.5\stable\mint2\x64\release\mlabel.obj
c:\users\espau\documents\classless-dll\gunz1.5\stable\mint2\x64\release\mint.obj
c:\users\espau\documents\classless-dll\gunz1.5\stable\mint2\x64\release\mhypertext.obj
c:\users\espau\documents\classless-dll\gunz1.5\stable\mint2\x64\release\mhotkey.obj
c:\users\espau\documents\classless-dll\gunz1.5\stable\mint2\x64\release\mgroup.obj
c:\users\espau\documents\classless-dll\gunz1.5\stable\mint2\x64\release\mframedrawer.obj
c:\users\espau\documents\classless-dll\gunz1.5\stable\mint2\x64\release\mframe.obj
c:\users\espau\documents\classless-dll\gunz1.5\stable\mint2\x64\release\mfiledialog.obj
c:\users\espau\documents\classless-dll\gunz1.5\stable\mint2\x64\release\mfilebox.obj
c:\users\espau\documents\classless-dll\gunz1.5\stable\mint2\x64\release\mevent.obj
c:\users\espau\documents\classless-dll\gunz1.5\stable\mint2\x64\release\medit.obj
c:\users\espau\documents\classless-dll\gunz1.5\stable\mint2\x64\release\mdragobject.obj
c:\users\espau\documents\classless-dll\gunz1.5\stable\mint2\x64\release\mstringtable.obj
c:\users\espau\documents\classless-dll\gunz1.5\stable\mint2\x64\release\mresourcemanager.obj
c:\users\espau\documents\classless-dll\gunz1.5\stable\mint2\x64\release\midlresource.obj
c:\users\espau\documents\classless-dll\gunz1.5\stable\mint2\x64\release\mfont.obj
c:\users\espau\documents\classless-dll\gunz1.5\stable\mint2\x64\release\mdrawcontext.obj
c:\users\espau\documents\classless-dll\gunz1.5\stable\mint2\x64\release\mcursor.obj
c:\users\espau\documents\classless-dll\gunz1.5\stable\mint2\x64\release\mbitmap.obj
c:\users\espau\documents\classless-dll\gunz1.5\stable\mint2\x64\release\mwidget.obj
c:\users\espau\documents\classless-dll\gunz1.5\stable\mint2\x64\release\mtypes.obj
c:\users\espau\documents\classless-dll\gunz1.5\stable\mint2\x64\release\mtooltip.obj
c:\users\espau\documents\classless-dll\gunz1.5\stable\mint2\x64\release\mtextarea.obj
c:\users\espau\documents\classless-dll\gunz1.5\stable\mint2\x64\release\mtabctrl.obj
c:\users\espau\documents\classless-dll\gunz1.5\stable\mint2\x64\release\mslider.obj
c:\users\espau\documents\classless-dll\gunz1.5\stable\mint2\lib\mint264.lib
c:\users\espau\documents\classless-dll\gunz1.5\stable\mint2\x64\release\msxml6.tlh
c:\users\espau\documents\classless-dll\gunz1.5\stable\mint2\x64\release\mint2.tlog\cl.command.1.tlog
c:\users\espau\documents\classless-dll\gunz1.5\stable\mint2\x64\release\mint2.tlog\cl.read.1.tlog
c:\users\espau\documents\classless-dll\gunz1.5\stable\mint2\x64\release\mint2.tlog\cl.write.1.tlog
c:\users\espau\documents\classless-dll\gunz1.5\stable\mint2\x64\release\mint2.tlog\lib-link.read.1.tlog
c:\users\espau\documents\classless-dll\gunz1.5\stable\mint2\x64\release\mint2.tlog\lib-link.write.1.tlog
c:\users\espau\documents\classless-dll\gunz1.5\stable\mint2\x64\release\mint2.tlog\lib.command.1.tlog
